{"/Users/nanzoategui/Documents/SERVY/apps/api/src/middlewares/auth.middleware.ts": {"path":"/Users/nanzoategui/Documents/SERVY/apps/api/src/middlewares/auth.middleware.ts","statementMap":{"0":{"start":{"line":5,"column":13},"end":{"line":30,"column":null}},"1":{"start":{"line":10,"column":23},"end":{"line":10,"column":null}},"2":{"start":{"line":12,"column":4},"end":{"line":30,"column":null}},"3":{"start":{"line":13,"column":22},"end":{"line":13,"column":null}},"4":{"start":{"line":15,"column":8},"end":{"line":25,"column":null}},"5":{"start":{"line":16,"column":12},"end":{"line":20,"column":null}},"6":{"start":{"line":17,"column":16},"end":{"line":20,"column":null}},"7":{"start":{"line":23,"column":12},"end":{"line":23,"column":null}},"8":{"start":{"line":24,"column":12},"end":{"line":24,"column":null}},"9":{"start":{"line":27,"column":8},"end":{"line":30,"column":null}},"10":{"start":{"line":34,"column":13},"end":{"line":42,"column":null}},"11":{"start":{"line":35,"column":4},"end":{"line":42,"column":null}},"12":{"start":{"line":36,"column":8},"end":{"line":40,"column":null}},"13":{"start":{"line":37,"column":12},"end":{"line":40,"column":null}},"14":{"start":{"line":42,"column":8},"end":{"line":42,"column":null}}},"fnMap":{"0":{"name":"(anonymous_0)","decl":{"start":{"line":5,"column":13},"end":{"line":5,"column":null}},"loc":{"start":{"line":9,"column":5},"end":{"line":30,"column":null}},"line":9},"1":{"name":"(anonymous_1)","decl":{"start":{"line":15,"column":30},"end":{"line":15,"column":43}},"loc":{"start":{"line":15,"column":57},"end":{"line":25,"column":null}},"line":15},"2":{"name":"(anonymous_2)","decl":{"start":{"line":34,"column":13},"end":{"line":34,"column":28}},"loc":{"start":{"line":34,"column":72},"end":{"line":42,"column":null}},"line":34},"3":{"name":"(anonymous_3)","decl":{"start":{"line":35,"column":4},"end":{"line":35,"column":12}},"loc":{"start":{"line":35,"column":64},"end":{"line":42,"column":null}},"line":35}},"branchMap":{"0":{"loc":{"start":{"line":12,"column":4},"end":{"line":30,"column":null}},"type":"if","locations":[{"start":{"line":12,"column":4},"end":{"line":30,"column":null}},{"start":{"line":26,"column":11},"end":{"line":30,"column":null}}],"line":12},"1":{"loc":{"start":{"line":16,"column":12},"end":{"line":20,"column":null}},"type":"if","locations":[{"start":{"line":16,"column":12},"end":{"line":20,"column":null}},{"start":{},"end":{}}],"line":16},"2":{"loc":{"start":{"line":36,"column":8},"end":{"line":40,"column":null}},"type":"if","locations":[{"start":{"line":36,"column":8},"end":{"line":40,"column":null}},{"start":{},"end":{}}],"line":36},"3":{"loc":{"start":{"line":36,"column":12},"end":{"line":36,"column":49}},"type":"binary-expr","locations":[{"start":{"line":36,"column":12},"end":{"line":36,"column":25}},{"start":{"line":36,"column":25},"end":{"line":36,"column":49}}],"line":36}},"s":{"0":1,"1":3,"2":3,"3":2,"4":2,"5":2,"6":1,"7":1,"8":1,"9":1,"10":1,"11":2,"12":2,"13":1,"14":1},"f":{"0":3,"1":2,"2":2,"3":2},"b":{"0":[2,1],"1":[1,1],"2":[1,1],"3":[2,2]},"meta":{"lastBranch":4,"lastFunction":4,"lastStatement":15,"seen":{"s:5:13:30:Infinity":0,"f:5:13:5:Infinity":0,"s:10:23:10:Infinity":1,"b:12:4:30:Infinity:26:11:30:Infinity":0,"s:12:4:30:Infinity":2,"s:13:22:13:Infinity":3,"s:15:8:25:Infinity":4,"f:15:30:15:43":1,"b:16:12:20:Infinity:undefined:undefined:undefined:undefined":1,"s:16:12:20:Infinity":5,"s:17:16:20:Infinity":6,"s:23:12:23:Infinity":7,"s:24:12:24:Infinity":8,"s:27:8:30:Infinity":9,"s:34:13:42:Infinity":10,"f:34:13:34:28":2,"s:35:4:42:Infinity":11,"f:35:4:35:12":3,"b:36:8:40:Infinity:undefined:undefined:undefined:undefined":2,"s:36:8:40:Infinity":12,"b:36:12:36:25:36:25:36:49":3,"s:37:12:40:Infinity":13,"s:42:8:42:Infinity":14}}}
,"/Users/nanzoategui/Documents/SERVY/apps/api/src/middlewares/errorHandler.ts": {"path":"/Users/nanzoategui/Documents/SERVY/apps/api/src/middlewares/errorHandler.ts","statementMap":{"0":{"start":{"line":3,"column":13},"end":{"line":21,"column":null}},"1":{"start":{"line":9,"column":4},"end":{"line":9,"column":null}},"2":{"start":{"line":11,"column":23},"end":{"line":11,"column":null}},"3":{"start":{"line":12,"column":20},"end":{"line":12,"column":null}},"4":{"start":{"line":13,"column":17},"end":{"line":13,"column":null}},"5":{"start":{"line":15,"column":4},"end":{"line":21,"column":null}}},"fnMap":{"0":{"name":"(anonymous_0)","decl":{"start":{"line":3,"column":13},"end":{"line":3,"column":null}},"loc":{"start":{"line":8,"column":5},"end":{"line":21,"column":null}},"line":8}},"branchMap":{"0":{"loc":{"start":{"line":11,"column":23},"end":{"line":11,"column":null}},"type":"binary-expr","locations":[{"start":{"line":11,"column":23},"end":{"line":11,"column":41}},{"start":{"line":11,"column":41},"end":{"line":11,"column":null}}],"line":11},"1":{"loc":{"start":{"line":12,"column":20},"end":{"line":12,"column":null}},"type":"binary-expr","locations":[{"start":{"line":12,"column":20},"end":{"line":12,"column":35}},{"start":{"line":12,"column":35},"end":{"line":12,"column":null}}],"line":12},"2":{"loc":{"start":{"line":13,"column":17},"end":{"line":13,"column":null}},"type":"binary-expr","locations":[{"start":{"line":13,"column":17},"end":{"line":13,"column":29}},{"start":{"line":13,"column":29},"end":{"line":13,"column":null}}],"line":13}},"s":{"0":2,"1":1,"2":1,"3":1,"4":1,"5":1},"f":{"0":1},"b":{"0":[1,1],"1":[1,0],"2":[1,1]},"meta":{"lastBranch":3,"lastFunction":1,"lastStatement":6,"seen":{"s:3:13:21:Infinity":0,"f:3:13:3:Infinity":0,"s:9:4:9:Infinity":1,"s:11:23:11:Infinity":2,"b:11:23:11:41:11:41:11:Infinity":0,"s:12:20:12:Infinity":3,"b:12:20:12:35:12:35:12:Infinity":1,"s:13:17:13:Infinity":4,"b:13:17:13:29:13:29:13:Infinity":2,"s:15:4:21:Infinity":5}}}
,"/Users/nanzoategui/Documents/SERVY/apps/api/src/services/matching.service.ts": {"path":"/Users/nanzoategui/Documents/SERVY/apps/api/src/services/matching.service.ts","statementMap":{"0":{"start":{"line":6,"column":24},"end":{"line":8,"column":10}},"1":{"start":{"line":10,"column":8},"end":{"line":10,"column":null}},"2":{"start":{"line":10,"column":22},"end":{"line":10,"column":null}},"3":{"start":{"line":12,"column":24},"end":{"line":12,"column":null}},"4":{"start":{"line":16,"column":30},"end":{"line":21,"column":10}},"5":{"start":{"line":24,"column":35},"end":{"line":25,"column":null}},"6":{"start":{"line":25,"column":12},"end":{"line":25,"column":93}},"7":{"start":{"line":25,"column":35},"end":{"line":25,"column":92}},"8":{"start":{"line":28,"column":21},"end":{"line":30,"column":null}},"9":{"start":{"line":29,"column":27},"end":{"line":29,"column":39}},"10":{"start":{"line":30,"column":28},"end":{"line":30,"column":48}},"11":{"start":{"line":32,"column":24},"end":{"line":34,"column":null}},"12":{"start":{"line":33,"column":27},"end":{"line":33,"column":42}},"13":{"start":{"line":34,"column":28},"end":{"line":34,"column":48}},"14":{"start":{"line":37,"column":8},"end":{"line":40,"column":null}},"15":{"start":{"line":38,"column":12},"end":{"line":40,"column":null}},"16":{"start":{"line":39,"column":31},"end":{"line":39,"column":68}},"17":{"start":{"line":40,"column":32},"end":{"line":40,"column":52}},"18":{"start":{"line":43,"column":8},"end":{"line":45,"column":null}},"19":{"start":{"line":45,"column":12},"end":{"line":45,"column":null}},"20":{"start":{"line":48,"column":23},"end":{"line":48,"column":25}},"21":{"start":{"line":51,"column":8},"end":{"line":64,"column":null}},"22":{"start":{"line":52,"column":26},"end":{"line":58,"column":14}},"23":{"start":{"line":59,"column":12},"end":{"line":59,"column":null}},"24":{"start":{"line":61,"column":12},"end":{"line":64,"column":null}},"25":{"start":{"line":67,"column":8},"end":{"line":80,"column":null}},"26":{"start":{"line":68,"column":26},"end":{"line":74,"column":14}},"27":{"start":{"line":75,"column":12},"end":{"line":75,"column":null}},"28":{"start":{"line":77,"column":12},"end":{"line":80,"column":null}},"29":{"start":{"line":83,"column":8},"end":{"line":83,"column":null}}},"fnMap":{"0":{"name":"(anonymous_0)","decl":{"start":{"line":5,"column":17},"end":{"line":5,"column":50}},"loc":{"start":{"line":5,"column":69},"end":{"line":83,"column":null}},"line":5},"1":{"name":"(anonymous_1)","decl":{"start":{"line":24,"column":49},"end":{"line":24,"column":57}},"loc":{"start":{"line":25,"column":12},"end":{"line":25,"column":93}},"line":25},"2":{"name":"(anonymous_2)","decl":{"start":{"line":25,"column":20},"end":{"line":25,"column":26}},"loc":{"start":{"line":25,"column":35},"end":{"line":25,"column":92}},"line":25},"3":{"name":"(anonymous_3)","decl":{"start":{"line":29,"column":13},"end":{"line":29,"column":21}},"loc":{"start":{"line":29,"column":27},"end":{"line":29,"column":39}},"line":29},"4":{"name":"(anonymous_4)","decl":{"start":{"line":30,"column":13},"end":{"line":30,"column":19}},"loc":{"start":{"line":30,"column":28},"end":{"line":30,"column":48}},"line":30},"5":{"name":"(anonymous_5)","decl":{"start":{"line":33,"column":13},"end":{"line":33,"column":21}},"loc":{"start":{"line":33,"column":27},"end":{"line":33,"column":42}},"line":33},"6":{"name":"(anonymous_6)","decl":{"start":{"line":34,"column":13},"end":{"line":34,"column":19}},"loc":{"start":{"line":34,"column":28},"end":{"line":34,"column":48}},"line":34},"7":{"name":"(anonymous_7)","decl":{"start":{"line":39,"column":17},"end":{"line":39,"column":25}},"loc":{"start":{"line":39,"column":31},"end":{"line":39,"column":68}},"line":39},"8":{"name":"(anonymous_8)","decl":{"start":{"line":40,"column":17},"end":{"line":40,"column":23}},"loc":{"start":{"line":40,"column":32},"end":{"line":40,"column":52}},"line":40}},"branchMap":{"0":{"loc":{"start":{"line":10,"column":8},"end":{"line":10,"column":null}},"type":"if","locations":[{"start":{"line":10,"column":8},"end":{"line":10,"column":null}},{"start":{},"end":{}}],"line":10},"1":{"loc":{"start":{"line":12,"column":24},"end":{"line":12,"column":null}},"type":"binary-expr","locations":[{"start":{"line":12,"column":24},"end":{"line":12,"column":43}},{"start":{"line":12,"column":43},"end":{"line":12,"column":null}}],"line":12},"2":{"loc":{"start":{"line":19,"column":35},"end":{"line":19,"column":null}},"type":"binary-expr","locations":[{"start":{"line":19,"column":35},"end":{"line":19,"column":55}},{"start":{"line":19,"column":55},"end":{"line":19,"column":null}}],"line":19},"3":{"loc":{"start":{"line":37,"column":8},"end":{"line":40,"column":null}},"type":"if","locations":[{"start":{"line":37,"column":8},"end":{"line":40,"column":null}},{"start":{},"end":{}}],"line":37},"4":{"loc":{"start":{"line":37,"column":12},"end":{"line":37,"column":63}},"type":"binary-expr","locations":[{"start":{"line":37,"column":12},"end":{"line":37,"column":22}},{"start":{"line":37,"column":22},"end":{"line":37,"column":35}},{"start":{"line":37,"column":35},"end":{"line":37,"column":63}}],"line":37},"5":{"loc":{"start":{"line":39,"column":31},"end":{"line":39,"column":68}},"type":"binary-expr","locations":[{"start":{"line":39,"column":31},"end":{"line":39,"column":49}},{"start":{"line":39,"column":49},"end":{"line":39,"column":68}}],"line":39},"6":{"loc":{"start":{"line":43,"column":8},"end":{"line":45,"column":null}},"type":"if","locations":[{"start":{"line":43,"column":8},"end":{"line":45,"column":null}},{"start":{},"end":{}}],"line":43},"7":{"loc":{"start":{"line":43,"column":12},"end":{"line":43,"column":35}},"type":"binary-expr","locations":[{"start":{"line":43,"column":12},"end":{"line":43,"column":23}},{"start":{"line":43,"column":23},"end":{"line":43,"column":35}}],"line":43},"8":{"loc":{"start":{"line":51,"column":8},"end":{"line":64,"column":null}},"type":"if","locations":[{"start":{"line":51,"column":8},"end":{"line":64,"column":null}},{"start":{},"end":{}}],"line":51},"9":{"loc":{"start":{"line":67,"column":8},"end":{"line":80,"column":null}},"type":"if","locations":[{"start":{"line":67,"column":8},"end":{"line":80,"column":null}},{"start":{},"end":{}}],"line":67}},"s":{"0":3,"1":3,"2":1,"3":2,"4":3,"5":2,"6":2,"7":2,"8":2,"9":2,"10":0,"11":2,"12":2,"13":1,"14":2,"15":1,"16":2,"17":0,"18":2,"19":1,"20":1,"21":1,"22":1,"23":1,"24":1,"25":1,"26":1,"27":1,"28":1,"29":1},"f":{"0":1,"1":2,"2":2,"3":2,"4":0,"5":2,"6":1,"7":2,"8":0},"b":{"0":[1,2],"1":[2,0],"2":[3,0],"3":[1,1],"4":[2,1,1],"5":[2,2],"6":[1,1],"7":[2,1],"8":[1,0],"9":[1,0]},"meta":{"lastBranch":10,"lastFunction":9,"lastStatement":30,"seen":{"f:5:17:5:50":0,"s:6:24:8:10":0,"b:10:8:10:Infinity:undefined:undefined:undefined:undefined":0,"s:10:8:10:Infinity":1,"s:10:22:10:Infinity":2,"s:12:24:12:Infinity":3,"b:12:24:12:43:12:43:12:Infinity":1,"s:16:30:21:10":4,"b:19:35:19:55:19:55:19:Infinity":2,"s:24:35:25:Infinity":5,"f:24:49:24:57":1,"s:25:12:25:93":6,"f:25:20:25:26":2,"s:25:35:25:92":7,"s:28:21:30:Infinity":8,"f:29:13:29:21":3,"s:29:27:29:39":9,"f:30:13:30:19":4,"s:30:28:30:48":10,"s:32:24:34:Infinity":11,"f:33:13:33:21":5,"s:33:27:33:42":12,"f:34:13:34:19":6,"s:34:28:34:48":13,"b:37:8:40:Infinity:undefined:undefined:undefined:undefined":3,"s:37:8:40:Infinity":14,"b:37:12:37:22:37:22:37:35:37:35:37:63":4,"s:38:12:40:Infinity":15,"f:39:17:39:25":7,"s:39:31:39:68":16,"b:39:31:39:49:39:49:39:68":5,"f:40:17:40:23":8,"s:40:32:40:52":17,"b:43:8:45:Infinity:undefined:undefined:undefined:undefined":6,"s:43:8:45:Infinity":18,"b:43:12:43:23:43:23:43:35":7,"s:45:12:45:Infinity":19,"s:48:23:48:25":20,"b:51:8:64:Infinity:undefined:undefined:undefined:undefined":8,"s:51:8:64:Infinity":21,"s:52:26:58:14":22,"s:59:12:59:Infinity":23,"s:61:12:64:Infinity":24,"b:67:8:80:Infinity:undefined:undefined:undefined:undefined":9,"s:67:8:80:Infinity":25,"s:68:26:74:14":26,"s:75:12:75:Infinity":27,"s:77:12:80:Infinity":28,"s:83:8:83:Infinity":29}}}
}
